24-Oct-2022 14:39:47.455 정보 [main] org.apache.catalina.startup.VersionLoggerListener.log 서버 버전 이름:    Apache Tomcat/9.0.65
24-Oct-2022 14:39:47.460 정보 [main] org.apache.catalina.startup.VersionLoggerListener.log Server 빌드 시각:  Jul 14 2022 12:28:53 UTC
24-Oct-2022 14:39:47.460 정보 [main] org.apache.catalina.startup.VersionLoggerListener.log Server 버전 번호:  9.0.65.0
24-Oct-2022 14:39:47.461 정보 [main] org.apache.catalina.startup.VersionLoggerListener.log 운영체제 이름:     Windows 10
24-Oct-2022 14:39:47.461 정보 [main] org.apache.catalina.startup.VersionLoggerListener.log 운영체제 버전:     10.0
24-Oct-2022 14:39:47.461 정보 [main] org.apache.catalina.startup.VersionLoggerListener.log 아키텍처:          amd64
24-Oct-2022 14:39:47.461 정보 [main] org.apache.catalina.startup.VersionLoggerListener.log 자바 홈:           C:\Program Files\Eclipse Adoptium\jdk-17.0.4.101-hotspot
24-Oct-2022 14:39:47.461 정보 [main] org.apache.catalina.startup.VersionLoggerListener.log JVM 버전:          17.0.4.1+1
24-Oct-2022 14:39:47.462 정보 [main] org.apache.catalina.startup.VersionLoggerListener.log JVM 벤더:          Eclipse Adoptium
24-Oct-2022 14:39:47.462 정보 [main] org.apache.catalina.startup.VersionLoggerListener.log CATALINA_BASE:     E:\1024\ajw\apache-tomcat-9.0.65
24-Oct-2022 14:39:47.462 정보 [main] org.apache.catalina.startup.VersionLoggerListener.log CATALINA_HOME:     E:\1024\ajw\apache-tomcat-9.0.65
24-Oct-2022 14:39:47.468 정보 [main] org.apache.catalina.startup.VersionLoggerListener.log 명령 행 아규먼트:  --add-opens=java.base/java.lang=ALL-UNNAMED
24-Oct-2022 14:39:47.469 정보 [main] org.apache.catalina.startup.VersionLoggerListener.log 명령 행 아규먼트:  --add-opens=java.base/java.io=ALL-UNNAMED
24-Oct-2022 14:39:47.469 정보 [main] org.apache.catalina.startup.VersionLoggerListener.log 명령 행 아규먼트:  --add-opens=java.base/java.util=ALL-UNNAMED
24-Oct-2022 14:39:47.470 정보 [main] org.apache.catalina.startup.VersionLoggerListener.log 명령 행 아규먼트:  --add-opens=java.base/java.util.concurrent=ALL-UNNAMED
24-Oct-2022 14:39:47.471 정보 [main] org.apache.catalina.startup.VersionLoggerListener.log 명령 행 아규먼트:  --add-opens=java.rmi/sun.rmi.transport=ALL-UNNAMED
24-Oct-2022 14:39:47.471 정보 [main] org.apache.catalina.startup.VersionLoggerListener.log 명령 행 아규먼트:  -Djava.util.logging.config.file=E:\1024\ajw\apache-tomcat-9.0.65\conf\logging.properties
24-Oct-2022 14:39:47.472 정보 [main] org.apache.catalina.startup.VersionLoggerListener.log 명령 행 아규먼트:  -Djava.util.logging.manager=org.apache.juli.ClassLoaderLogManager
24-Oct-2022 14:39:47.472 정보 [main] org.apache.catalina.startup.VersionLoggerListener.log 명령 행 아규먼트:  -Djdk.tls.ephemeralDHKeySize=2048
24-Oct-2022 14:39:47.473 정보 [main] org.apache.catalina.startup.VersionLoggerListener.log 명령 행 아규먼트:  -Djava.protocol.handler.pkgs=org.apache.catalina.webresources
24-Oct-2022 14:39:47.474 정보 [main] org.apache.catalina.startup.VersionLoggerListener.log 명령 행 아규먼트:  -Dignore.endorsed.dirs=
24-Oct-2022 14:39:47.474 정보 [main] org.apache.catalina.startup.VersionLoggerListener.log 명령 행 아규먼트:  -Dcatalina.base=E:\1024\ajw\apache-tomcat-9.0.65
24-Oct-2022 14:39:47.475 정보 [main] org.apache.catalina.startup.VersionLoggerListener.log 명령 행 아규먼트:  -Dcatalina.home=E:\1024\ajw\apache-tomcat-9.0.65
24-Oct-2022 14:39:47.476 정보 [main] org.apache.catalina.startup.VersionLoggerListener.log 명령 행 아규먼트:  -Djava.io.tmpdir=E:\1024\ajw\apache-tomcat-9.0.65\temp
24-Oct-2022 14:39:47.480 정보 [main] org.apache.catalina.core.AprLifecycleListener.lifecycleEvent APR 버전 [1.7.0]을(를) 사용한, APR 기반 Apache Tomcat Native 라이브러리 [1.2.35]을(를) 로드했습니다.
24-Oct-2022 14:39:47.485 정보 [main] org.apache.catalina.core.AprLifecycleListener.lifecycleEvent APR 용량정보들: IPv6 [true], sendfile [true], accept filters [false], random [true], UDS [true].
24-Oct-2022 14:39:47.487 정보 [main] org.apache.catalina.core.AprLifecycleListener.lifecycleEvent APR/OpenSSL 설정: useAprConnector [false], useOpenSSL [true]
24-Oct-2022 14:39:47.493 정보 [main] org.apache.catalina.core.AprLifecycleListener.initializeSSL OpenSSL이 성공적으로 초기화되었습니다: [OpenSSL 1.1.1q  5 Jul 2022]
24-Oct-2022 14:39:47.715 정보 [main] org.apache.coyote.AbstractProtocol.init 프로토콜 핸들러 ["http-nio-8080"]을(를) 초기화합니다.
24-Oct-2022 14:39:47.739 정보 [main] org.apache.catalina.startup.Catalina.load [468] 밀리초 내에 서버가 초기화되었습니다.
24-Oct-2022 14:39:47.781 정보 [main] org.apache.catalina.core.StandardService.startInternal 서비스 [Catalina]을(를) 시작합니다.
24-Oct-2022 14:39:47.783 정보 [main] org.apache.catalina.core.StandardEngine.startInternal 서버 엔진을 시작합니다: [Apache Tomcat/9.0.65]
24-Oct-2022 14:39:47.792 정보 [main] org.apache.catalina.startup.HostConfig.deployDirectory 웹 애플리케이션 디렉토리 [E:\1024\ajw\apache-tomcat-9.0.65\webapps\docs]을(를) 배치합니다.
24-Oct-2022 14:39:48.090 정보 [main] org.apache.catalina.startup.HostConfig.deployDirectory 웹 애플리케이션 디렉토리 [E:\1024\ajw\apache-tomcat-9.0.65\webapps\docs]에 대한 배치가 [296] 밀리초에 완료되었습니다.
24-Oct-2022 14:39:48.092 정보 [main] org.apache.catalina.startup.HostConfig.deployDirectory 웹 애플리케이션 디렉토리 [E:\1024\ajw\apache-tomcat-9.0.65\webapps\examples]을(를) 배치합니다.
24-Oct-2022 14:39:48.519 정보 [main] org.apache.catalina.startup.HostConfig.deployDirectory 웹 애플리케이션 디렉토리 [E:\1024\ajw\apache-tomcat-9.0.65\webapps\examples]에 대한 배치가 [426] 밀리초에 완료되었습니다.
24-Oct-2022 14:39:48.522 정보 [main] org.apache.catalina.startup.HostConfig.deployDirectory 웹 애플리케이션 디렉토리 [E:\1024\ajw\apache-tomcat-9.0.65\webapps\Gradle___iducs201912022_javaweb___fundmentals_1_0_SNAPSHOT_war]을(를) 배치합니다.
24-Oct-2022 14:39:48.570 정보 [main] org.apache.catalina.startup.HostConfig.deployDirectory 웹 애플리케이션 디렉토리 [E:\1024\ajw\apache-tomcat-9.0.65\webapps\Gradle___iducs201912022_javaweb___fundmentals_1_0_SNAPSHOT_war]에 대한 배치가 [49] 밀리초에 완료되었습니다.
24-Oct-2022 14:39:48.573 정보 [main] org.apache.catalina.startup.HostConfig.deployDirectory 웹 애플리케이션 디렉토리 [E:\1024\ajw\apache-tomcat-9.0.65\webapps\Gradle___iducs_jw201912022___servlet_jsp_1_0_SNAPSHOT_war]을(를) 배치합니다.
24-Oct-2022 14:39:48.609 정보 [main] org.apache.catalina.startup.HostConfig.deployDirectory 웹 애플리케이션 디렉토리 [E:\1024\ajw\apache-tomcat-9.0.65\webapps\Gradle___iducs_jw201912022___servlet_jsp_1_0_SNAPSHOT_war]에 대한 배치가 [36] 밀리초에 완료되었습니다.
24-Oct-2022 14:39:48.611 정보 [main] org.apache.catalina.startup.HostConfig.deployDirectory 웹 애플리케이션 디렉토리 [E:\1024\ajw\apache-tomcat-9.0.65\webapps\host-manager]을(를) 배치합니다.
24-Oct-2022 14:39:48.645 정보 [main] org.apache.catalina.startup.HostConfig.deployDirectory 웹 애플리케이션 디렉토리 [E:\1024\ajw\apache-tomcat-9.0.65\webapps\host-manager]에 대한 배치가 [34] 밀리초에 완료되었습니다.
24-Oct-2022 14:39:48.647 정보 [main] org.apache.catalina.startup.HostConfig.deployDirectory 웹 애플리케이션 디렉토리 [E:\1024\ajw\apache-tomcat-9.0.65\webapps\manager]을(를) 배치합니다.
24-Oct-2022 14:39:48.677 정보 [main] org.apache.catalina.startup.HostConfig.deployDirectory 웹 애플리케이션 디렉토리 [E:\1024\ajw\apache-tomcat-9.0.65\webapps\manager]에 대한 배치가 [29] 밀리초에 완료되었습니다.
24-Oct-2022 14:39:48.679 정보 [main] org.apache.catalina.startup.HostConfig.deployDirectory 웹 애플리케이션 디렉토리 [E:\1024\ajw\apache-tomcat-9.0.65\webapps\ROOT]을(를) 배치합니다.
24-Oct-2022 14:39:48.719 정보 [main] org.apache.catalina.startup.HostConfig.deployDirectory 웹 애플리케이션 디렉토리 [E:\1024\ajw\apache-tomcat-9.0.65\webapps\ROOT]에 대한 배치가 [40] 밀리초에 완료되었습니다.
24-Oct-2022 14:39:48.727 정보 [main] org.apache.coyote.AbstractProtocol.start 프로토콜 핸들러 ["http-nio-8080"]을(를) 시작합니다.
24-Oct-2022 14:39:48.807 정보 [main] org.apache.catalina.startup.Catalina.start 서버가 [1067] 밀리초 내에 시작되었습니다.
24-Oct-2022 14:44:12.291 정보 [main] org.apache.catalina.startup.VersionLoggerListener.log 서버 버전 이름:    Apache Tomcat/9.0.65
24-Oct-2022 14:44:12.310 정보 [main] org.apache.catalina.startup.VersionLoggerListener.log Server 빌드 시각:  Jul 14 2022 12:28:53 UTC
24-Oct-2022 14:44:12.310 정보 [main] org.apache.catalina.startup.VersionLoggerListener.log Server 버전 번호:  9.0.65.0
24-Oct-2022 14:44:12.311 정보 [main] org.apache.catalina.startup.VersionLoggerListener.log 운영체제 이름:     Windows 10
24-Oct-2022 14:44:12.311 정보 [main] org.apache.catalina.startup.VersionLoggerListener.log 운영체제 버전:     10.0
24-Oct-2022 14:44:12.311 정보 [main] org.apache.catalina.startup.VersionLoggerListener.log 아키텍처:          amd64
24-Oct-2022 14:44:12.311 정보 [main] org.apache.catalina.startup.VersionLoggerListener.log 자바 홈:           C:\Program Files\Eclipse Adoptium\jdk-17.0.4.101-hotspot
24-Oct-2022 14:44:12.312 정보 [main] org.apache.catalina.startup.VersionLoggerListener.log JVM 버전:          17.0.4.1+1
24-Oct-2022 14:44:12.312 정보 [main] org.apache.catalina.startup.VersionLoggerListener.log JVM 벤더:          Eclipse Adoptium
24-Oct-2022 14:44:12.312 정보 [main] org.apache.catalina.startup.VersionLoggerListener.log CATALINA_BASE:     E:\1024\ajw\apache-tomcat-9.0.65
24-Oct-2022 14:44:12.313 정보 [main] org.apache.catalina.startup.VersionLoggerListener.log CATALINA_HOME:     E:\1024\ajw\apache-tomcat-9.0.65
24-Oct-2022 14:44:12.315 정보 [main] org.apache.catalina.startup.VersionLoggerListener.log 명령 행 아규먼트:  --add-opens=java.base/java.lang=ALL-UNNAMED
24-Oct-2022 14:44:12.315 정보 [main] org.apache.catalina.startup.VersionLoggerListener.log 명령 행 아규먼트:  --add-opens=java.base/java.io=ALL-UNNAMED
24-Oct-2022 14:44:12.316 정보 [main] org.apache.catalina.startup.VersionLoggerListener.log 명령 행 아규먼트:  --add-opens=java.base/java.util=ALL-UNNAMED
24-Oct-2022 14:44:12.317 정보 [main] org.apache.catalina.startup.VersionLoggerListener.log 명령 행 아규먼트:  --add-opens=java.base/java.util.concurrent=ALL-UNNAMED
24-Oct-2022 14:44:12.318 정보 [main] org.apache.catalina.startup.VersionLoggerListener.log 명령 행 아규먼트:  --add-opens=java.rmi/sun.rmi.transport=ALL-UNNAMED
24-Oct-2022 14:44:12.318 정보 [main] org.apache.catalina.startup.VersionLoggerListener.log 명령 행 아규먼트:  -Djava.util.logging.config.file=E:\1024\ajw\apache-tomcat-9.0.65\conf\logging.properties
24-Oct-2022 14:44:12.320 정보 [main] org.apache.catalina.startup.VersionLoggerListener.log 명령 행 아규먼트:  -Djava.util.logging.manager=org.apache.juli.ClassLoaderLogManager
24-Oct-2022 14:44:12.322 정보 [main] org.apache.catalina.startup.VersionLoggerListener.log 명령 행 아규먼트:  -Djdk.tls.ephemeralDHKeySize=2048
24-Oct-2022 14:44:12.322 정보 [main] org.apache.catalina.startup.VersionLoggerListener.log 명령 행 아규먼트:  -Djava.protocol.handler.pkgs=org.apache.catalina.webresources
24-Oct-2022 14:44:12.323 정보 [main] org.apache.catalina.startup.VersionLoggerListener.log 명령 행 아규먼트:  -Dignore.endorsed.dirs=
24-Oct-2022 14:44:12.324 정보 [main] org.apache.catalina.startup.VersionLoggerListener.log 명령 행 아규먼트:  -Dcatalina.base=E:\1024\ajw\apache-tomcat-9.0.65
24-Oct-2022 14:44:12.324 정보 [main] org.apache.catalina.startup.VersionLoggerListener.log 명령 행 아규먼트:  -Dcatalina.home=E:\1024\ajw\apache-tomcat-9.0.65
24-Oct-2022 14:44:12.325 정보 [main] org.apache.catalina.startup.VersionLoggerListener.log 명령 행 아규먼트:  -Djava.io.tmpdir=E:\1024\ajw\apache-tomcat-9.0.65\temp
24-Oct-2022 14:44:12.329 정보 [main] org.apache.catalina.core.AprLifecycleListener.lifecycleEvent APR 버전 [1.7.0]을(를) 사용한, APR 기반 Apache Tomcat Native 라이브러리 [1.2.35]을(를) 로드했습니다.
24-Oct-2022 14:44:12.330 정보 [main] org.apache.catalina.core.AprLifecycleListener.lifecycleEvent APR 용량정보들: IPv6 [true], sendfile [true], accept filters [false], random [true], UDS [true].
24-Oct-2022 14:44:12.331 정보 [main] org.apache.catalina.core.AprLifecycleListener.lifecycleEvent APR/OpenSSL 설정: useAprConnector [false], useOpenSSL [true]
24-Oct-2022 14:44:12.337 정보 [main] org.apache.catalina.core.AprLifecycleListener.initializeSSL OpenSSL이 성공적으로 초기화되었습니다: [OpenSSL 1.1.1q  5 Jul 2022]
24-Oct-2022 14:44:12.548 정보 [main] org.apache.coyote.AbstractProtocol.init 프로토콜 핸들러 ["http-nio-8080"]을(를) 초기화합니다.
24-Oct-2022 14:44:12.569 정보 [main] org.apache.catalina.startup.Catalina.load [477] 밀리초 내에 서버가 초기화되었습니다.
24-Oct-2022 14:44:12.603 정보 [main] org.apache.catalina.core.StandardService.startInternal 서비스 [Catalina]을(를) 시작합니다.
24-Oct-2022 14:44:12.604 정보 [main] org.apache.catalina.core.StandardEngine.startInternal 서버 엔진을 시작합니다: [Apache Tomcat/9.0.65]
24-Oct-2022 14:44:12.610 정보 [main] org.apache.catalina.startup.HostConfig.deployDirectory 웹 애플리케이션 디렉토리 [E:\1024\ajw\apache-tomcat-9.0.65\webapps\docs]을(를) 배치합니다.
24-Oct-2022 14:44:12.925 정보 [main] org.apache.catalina.startup.HostConfig.deployDirectory 웹 애플리케이션 디렉토리 [E:\1024\ajw\apache-tomcat-9.0.65\webapps\docs]에 대한 배치가 [313] 밀리초에 완료되었습니다.
24-Oct-2022 14:44:12.927 정보 [main] org.apache.catalina.startup.HostConfig.deployDirectory 웹 애플리케이션 디렉토리 [E:\1024\ajw\apache-tomcat-9.0.65\webapps\examples]을(를) 배치합니다.
24-Oct-2022 14:44:13.240 정보 [main] org.apache.catalina.startup.HostConfig.deployDirectory 웹 애플리케이션 디렉토리 [E:\1024\ajw\apache-tomcat-9.0.65\webapps\examples]에 대한 배치가 [313] 밀리초에 완료되었습니다.
24-Oct-2022 14:44:13.243 정보 [main] org.apache.catalina.startup.HostConfig.deployDirectory 웹 애플리케이션 디렉토리 [E:\1024\ajw\apache-tomcat-9.0.65\webapps\Gradle___iducs201912022_javaweb___fundmentals_1_0_SNAPSHOT_war]을(를) 배치합니다.
24-Oct-2022 14:44:13.286 정보 [main] org.apache.catalina.startup.HostConfig.deployDirectory 웹 애플리케이션 디렉토리 [E:\1024\ajw\apache-tomcat-9.0.65\webapps\Gradle___iducs201912022_javaweb___fundmentals_1_0_SNAPSHOT_war]에 대한 배치가 [43] 밀리초에 완료되었습니다.
24-Oct-2022 14:44:13.288 정보 [main] org.apache.catalina.startup.HostConfig.deployDirectory 웹 애플리케이션 디렉토리 [E:\1024\ajw\apache-tomcat-9.0.65\webapps\Gradle___iducs_jw201912022___servlet_jsp_1_0_SNAPSHOT_war]을(를) 배치합니다.
24-Oct-2022 14:44:13.320 정보 [main] org.apache.catalina.startup.HostConfig.deployDirectory 웹 애플리케이션 디렉토리 [E:\1024\ajw\apache-tomcat-9.0.65\webapps\Gradle___iducs_jw201912022___servlet_jsp_1_0_SNAPSHOT_war]에 대한 배치가 [32] 밀리초에 완료되었습니다.
24-Oct-2022 14:44:13.322 정보 [main] org.apache.catalina.startup.HostConfig.deployDirectory 웹 애플리케이션 디렉토리 [E:\1024\ajw\apache-tomcat-9.0.65\webapps\host-manager]을(를) 배치합니다.
24-Oct-2022 14:44:13.353 정보 [main] org.apache.catalina.startup.HostConfig.deployDirectory 웹 애플리케이션 디렉토리 [E:\1024\ajw\apache-tomcat-9.0.65\webapps\host-manager]에 대한 배치가 [32] 밀리초에 완료되었습니다.
24-Oct-2022 14:44:13.355 정보 [main] org.apache.catalina.startup.HostConfig.deployDirectory 웹 애플리케이션 디렉토리 [E:\1024\ajw\apache-tomcat-9.0.65\webapps\manager]을(를) 배치합니다.
24-Oct-2022 14:44:13.389 정보 [main] org.apache.catalina.startup.HostConfig.deployDirectory 웹 애플리케이션 디렉토리 [E:\1024\ajw\apache-tomcat-9.0.65\webapps\manager]에 대한 배치가 [34] 밀리초에 완료되었습니다.
24-Oct-2022 14:44:13.391 정보 [main] org.apache.catalina.startup.HostConfig.deployDirectory 웹 애플리케이션 디렉토리 [E:\1024\ajw\apache-tomcat-9.0.65\webapps\ROOT]을(를) 배치합니다.
24-Oct-2022 14:44:13.427 정보 [main] org.apache.catalina.startup.HostConfig.deployDirectory 웹 애플리케이션 디렉토리 [E:\1024\ajw\apache-tomcat-9.0.65\webapps\ROOT]에 대한 배치가 [36] 밀리초에 완료되었습니다.
24-Oct-2022 14:44:13.436 정보 [main] org.apache.coyote.AbstractProtocol.start 프로토콜 핸들러 ["http-nio-8080"]을(를) 시작합니다.
24-Oct-2022 14:44:13.516 정보 [main] org.apache.catalina.startup.Catalina.start 서버가 [945] 밀리초 내에 시작되었습니다.
24-Oct-2022 14:52:00.733 정보 [main] org.apache.catalina.core.StandardServer.await 셧다운 포트를 통해 유효한 셧다운 명령을 받았습니다. 서버 인스턴스를 중지시킵니다.
24-Oct-2022 14:52:00.735 정보 [main] org.apache.coyote.AbstractProtocol.pause 프로토콜 핸들러 ["http-nio-8080"]을(를) 일시 정지 중
24-Oct-2022 14:52:00.745 정보 [main] org.apache.catalina.core.StandardService.stopInternal 서비스 [Catalina]을(를) 중지시킵니다.
24-Oct-2022 14:52:00.765 정보 [main] org.apache.coyote.AbstractProtocol.stop 프로토콜 핸들러 ["http-nio-8080"]을(를) 중지시킵니다.
24-Oct-2022 14:52:00.780 정보 [main] org.apache.coyote.AbstractProtocol.destroy 프로토콜 핸들러 ["http-nio-8080"]을(를) 소멸시킵니다.
